# JRE version: OpenJDK Runtime Environment Corretto-17.0.15.6.1 (17.0.15+6) (build 17.0.15+6-LTS)
# Java VM: OpenJDK 64-Bit Server VM Corretto-17.0.15.6.1 (17.0.15+6-LTS, mixed mode, sharing, tiered, compressed oops, compressed class ptrs, g1 gc, windows-amd64)
GC Precious Log:
 CPUs: 8 total, 8 available
 Memory: 16377M
 Large Page Support: Disabled
 NUMA Support: Disabled
 Compressed Oops: Enabled (Zero based)
 Heap Region Size: 2M
 Heap Min Capacity: 8M
 Heap Initial Capacity: 256M
 Heap Max Capacity: 4G
 Pre-touch: Disabled
 Parallel Workers: 8
 Concurrent Workers: 2
 Concurrent Refinement Workers: 8
 Periodic GC: Disabled
Heap:
 garbage-first heap   total 143360K, used 72171K [0x0000000700000000, 0x0000000800000000)
  region size 2048K, 17 young (34816K), 3 survivors (6144K)
 Metaspace       used 75590K, committed 76224K, reserved 1179648K
  class space    used 10318K, committed 10624K, reserved 1048576K
GC Heap History (20 events):
Event: 18.130 GC heap before
{Heap before GC invocations=23 (full 0):
 garbage-first heap   total 98304K, used 79096K [0x0000000700000000, 0x0000000800000000)
  region size 2048K, 27 young (55296K), 3 survivors (6144K)
 Metaspace       used 67253K, committed 67840K, reserved 1114112K
  class space    used 9182K, committed 9472K, reserved 1048576K
}
Event: 18.138 GC heap after
{Heap after GC invocations=24 (full 0):
 garbage-first heap   total 98304K, used 31996K [0x0000000700000000, 0x0000000800000000)
  region size 2048K, 3 young (6144K), 3 survivors (6144K)
 Metaspace       used 67253K, committed 67840K, reserved 1114112K
  class space    used 9182K, committed 9472K, reserved 1048576K
}
Event: 18.839 GC heap before
{Heap before GC invocations=24 (full 0):
 garbage-first heap   total 98304K, used 79100K [0x0000000700000000, 0x0000000800000000)
  region size 2048K, 26 young (53248K), 3 survivors (6144K)
 Metaspace       used 68594K, committed 69184K, reserved 1114112K
  class space    used 9356K, committed 9600K, reserved 1048576K
}
Event: 18.846 GC heap after
{Heap after GC invocations=25 (full 0):
 garbage-first heap   total 98304K, used 34181K [0x0000000700000000, 0x0000000800000000)
  region size 2048K, 3 young (6144K), 3 survivors (6144K)
 Metaspace       used 68594K, committed 69184K, reserved 1114112K
  class space    used 9356K, committed 9600K, reserved 1048576K
}
Event: 19.433 GC heap before
{Heap before GC invocations=25 (full 0):
 garbage-first heap   total 98304K, used 79237K [0x0000000700000000, 0x0000000800000000)
  region size 2048K, 25 young (51200K), 3 survivors (6144K)
 Metaspace       used 69656K, committed 70272K, reserved 1114112K
  class space    used 9508K, committed 9792K, reserved 1048576K
}
Event: 19.442 GC heap after
{Heap after GC invocations=26 (full 0):
 garbage-first heap   total 98304K, used 35249K [0x0000000700000000, 0x0000000800000000)
  region size 2048K, 2 young (4096K), 2 survivors (4096K)
 Metaspace       used 69656K, committed 70272K, reserved 1114112K
  class space    used 9508K, committed 9792K, reserved 1048576K
}
Event: 20.018 GC heap before
{Heap before GC invocations=26 (full 0):
 garbage-first heap   total 98304K, used 80305K [0x0000000700000000, 0x0000000800000000)
  region size 2048K, 24 young (49152K), 2 survivors (4096K)
 Metaspace       used 70340K, committed 70912K, reserved 1114112K
  class space    used 9607K, committed 9856K, reserved 1048576K
}
Event: 20.024 GC heap after
{Heap after GC invocations=27 (full 0):
 garbage-first heap   total 98304K, used 36454K [0x0000000700000000, 0x0000000800000000)
  region size 2048K, 2 young (4096K), 2 survivors (4096K)
 Metaspace       used 70340K, committed 70912K, reserved 1114112K
  class space    used 9607K, committed 9856K, reserved 1048576K
}
Event: 20.622 GC heap before
{Heap before GC invocations=27 (full 0):
 garbage-first heap   total 98304K, used 81510K [0x0000000700000000, 0x0000000800000000)
  region size 2048K, 24 young (49152K), 2 survivors (4096K)
 Metaspace       used 71502K, committed 72000K, reserved 1114112K
  class space    used 9753K, committed 9984K, reserved 1048576K
}
Event: 20.629 GC heap after
{Heap after GC invocations=28 (full 0):
 garbage-first heap   total 98304K, used 37981K [0x0000000700000000, 0x0000000800000000)
  region size 2048K, 3 young (6144K), 3 survivors (6144K)
 Metaspace       used 71502K, committed 72000K, reserved 1114112K
  class space    used 9753K, committed 9984K, reserved 1048576K
}
Event: 20.969 GC heap before
{Heap before GC invocations=28 (full 0):
 garbage-first heap   total 98304K, used 78941K [0x0000000700000000, 0x0000000800000000)
  region size 2048K, 23 young (47104K), 3 survivors (6144K)
 Metaspace       used 72065K, committed 72768K, reserved 1114112K
  class space    used 9837K, committed 10176K, reserved 1048576K
}
Event: 20.977 GC heap after
{Heap after GC invocations=29 (full 0):
 garbage-first heap   total 118784K, used 39429K [0x0000000700000000, 0x0000000800000000)
  region size 2048K, 3 young (6144K), 3 survivors (6144K)
 Metaspace       used 72065K, committed 72768K, reserved 1114112K
  class space    used 9837K, committed 10176K, reserved 1048576K
}
Event: 21.468 GC heap before
{Heap before GC invocations=29 (full 0):
 garbage-first heap   total 118784K, used 96773K [0x0000000700000000, 0x0000000800000000)
  region size 2048K, 31 young (63488K), 3 survivors (6144K)
 Metaspace       used 73191K, committed 73792K, reserved 1114112K
  class space    used 9989K, committed 10304K, reserved 1048576K
}
Event: 21.477 GC heap after
{Heap after GC invocations=30 (full 0):
 garbage-first heap   total 118784K, used 41041K [0x0000000700000000, 0x0000000800000000)
  region size 2048K, 3 young (6144K), 3 survivors (6144K)
 Metaspace       used 73191K, committed 73792K, reserved 1114112K
  class space    used 9989K, committed 10304K, reserved 1048576K
}
Event: 21.880 GC heap before
{Heap before GC invocations=30 (full 0):
 garbage-first heap   total 118784K, used 98385K [0x0000000700000000, 0x0000000800000000)
  region size 2048K, 31 young (63488K), 3 survivors (6144K)
 Metaspace       used 73769K, committed 74368K, reserved 1114112K
  class space    used 10051K, committed 10368K, reserved 1048576K
}
Event: 21.887 GC heap after
{Heap after GC invocations=31 (full 0):
 garbage-first heap   total 118784K, used 42362K [0x0000000700000000, 0x0000000800000000)
  region size 2048K, 3 young (6144K), 3 survivors (6144K)
 Metaspace       used 73769K, committed 74368K, reserved 1114112K
  class space    used 10051K, committed 10368K, reserved 1048576K
}
Event: 22.323 GC heap before
{Heap before GC invocations=31 (full 0):
 garbage-first heap   total 118784K, used 97658K [0x0000000700000000, 0x0000000800000000)
  region size 2048K, 30 young (61440K), 3 survivors (6144K)
 Metaspace       used 74642K, committed 75328K, reserved 1114112K
  class space    used 10190K, committed 10496K, reserved 1048576K
}
Event: 22.332 GC heap after
{Heap after GC invocations=32 (full 0):
 garbage-first heap   total 118784K, used 44102K [0x0000000700000000, 0x0000000800000000)
  region size 2048K, 3 young (6144K), 3 survivors (6144K)
 Metaspace       used 74642K, committed 75328K, reserved 1114112K
  class space    used 10190K, committed 10496K, reserved 1048576K
}
Event: 22.768 GC heap before
{Heap before GC invocations=32 (full 0):
 garbage-first heap   total 118784K, used 97350K [0x0000000700000000, 0x0000000800000000)
  region size 2048K, 29 young (59392K), 3 survivors (6144K)
 Metaspace       used 74911K, committed 75584K, reserved 1114112K
  class space    used 10225K, committed 10560K, reserved 1048576K
}
Event: 22.777 GC heap after
{Heap after GC invocations=33 (full 0):
 garbage-first heap   total 143360K, used 45547K [0x0000000700000000, 0x0000000800000000)
  region size 2048K, 3 young (6144K), 3 survivors (6144K)
 Metaspace       used 74911K, committed 75584K, reserved 1114112K
  class space    used 10225K, committed 10560K, reserved 1048576K
}

